#
# There is insufficient memory for the Java Runtime Environment to continue.
# Native memory allocation (malloc) failed to allocate 47136 bytes for Chunk::new
# Possible reasons:
#   The system is out of physical RAM or swap space
#   The process is running with CompressedOops enabled, and the Java Heap may be blocking the growth of the native heap
# Possible solutions:
#   Reduce memory load on the system
#   Increase physical memory or swap space
#   Check if swap backing store is full
#   Decrease Java heap size (-Xmx/-Xms)
#   Decrease number of Java threads
#   Decrease Java thread stack sizes (-Xss)
#   Set larger code cache with -XX:ReservedCodeCacheSize=
#   JVM is running with Unscaled Compressed Oops mode in which the Java heap is
#     placed in the first 4GB address space. The Java Heap base address is the
#     maximum limit for the native heap growth. Please use -XX:HeapBaseMinAddress
#     to set the Java Heap base and to place the Java Heap above 4GB virtual address.
# This output file may be truncated or incomplete.
#
#  Out of Memory Error (allocation.cpp:389), pid=9616, tid=0x0000000000001a18
#
# JRE version: OpenJDK Runtime Environment (8.0_212-b04) (build 1.8.0_212-release-1586-b04)
# Java VM: OpenJDK 64-Bit Server VM (25.212-b04 mixed mode windows-amd64 compressed oops)
# Failed to write core dump. Minidumps are not enabled by default on client versions of Windows
#

---------------  T H R E A D  ---------------

Current thread (0x000000001618e800):  JavaThread "C2 CompilerThread1" daemon [_thread_in_native, id=6680, stack(0x00000000178f0000,0x00000000179f0000)]

Stack: [0x00000000178f0000,0x00000000179f0000]
[error occurred during error reporting (printing stack bounds), id 0xc0000005]

Native frames: (J=compiled Java code, j=interpreted, Vv=VM code, C=native code)


Current CompileTask:
C2:  49698 9498       4       java.util.ArrayList::addAll (54 bytes)


---------------  P R O C E S S  ---------------

Java Threads: ( => current thread )
  0x0000000018fc6800 JavaThread "WorkerExecutor Queue Thread 5" [_thread_blocked, id=9092, stack(0x0000000025dd0000,0x0000000025ed0000)]
  0x0000000018fc0800 JavaThread "WorkerExecutor Queue Thread 4" [_thread_in_vm, id=6832, stack(0x0000000025cd0000,0x0000000025dd0000)]
  0x0000000018fc7800 JavaThread "WorkerExecutor Queue Thread 3" [_thread_blocked, id=10416, stack(0x0000000025bd0000,0x0000000025cd0000)]
  0x0000000018fc4800 JavaThread "Cache worker for Java compile cache (D:\KPI\VI_semestr\RTS\Lab3\.gradle\5.6.4\javaCompile)" [_thread_blocked, id=9848, stack(0x00000000254d0000,0x00000000255d0000)]
  0x0000000018fc3800 JavaThread "Cache worker for Java compile cache (C:\Users\ilya.DESKTOP-NMC35I9\.gradle\caches\5.6.4\javaCompile)" [_thread_blocked, id=10932, stack(0x00000000253d0000,0x00000000254d0000)]
  0x0000000018eb5800 JavaThread "WorkerExecutor Queue Thread 2" [_thread_blocked, id=2548, stack(0x0000000024100000,0x0000000024200000)]
  0x0000000018eb5000 JavaThread "stdout" [_thread_in_native, id=8204, stack(0x0000000023e00000,0x0000000023f00000)]
  0x0000000018eb3800 JavaThread "stderr" [_thread_in_native, id=7592, stack(0x0000000023d00000,0x0000000023e00000)]
  0x0000000018eb2800 JavaThread "pool-2-thread-1" [_thread_blocked, id=7116, stack(0x0000000023c00000,0x0000000023d00000)]
  0x0000000018eb2000 JavaThread "WorkerExecutor Queue" [_thread_blocked, id=11024, stack(0x0000000023b00000,0x0000000023c00000)]
  0x0000000018eb4000 JavaThread "Cache worker for execution history cache (D:\KPI\VI_semestr\RTS\Lab3\.gradle\5.6.4\executionHistory)" [_thread_blocked, id=8552, stack(0x0000000023600000,0x0000000023700000)]
  0x0000000018ea9800 JavaThread "Execution worker for ':' Thread 3" [_thread_blocked, id=9696, stack(0x0000000023500000,0x0000000023600000)]
  0x0000000018eb0800 JavaThread "Execution worker for ':' Thread 2" [_thread_blocked, id=9688, stack(0x0000000023400000,0x0000000023500000)]
  0x0000000018eaf800 JavaThread "Execution worker for ':'" [_thread_blocked, id=1752, stack(0x0000000023300000,0x0000000023400000)]
  0x0000000018eae000 JavaThread "Cache worker for file content cache (D:\KPI\VI_semestr\RTS\Lab3\.gradle\5.6.4\fileContent)" [_thread_blocked, id=2460, stack(0x0000000021da0000,0x0000000021ea0000)]
  0x0000000018eaf000 JavaThread "Cache worker for file content cache (C:\Users\ilya.DESKTOP-NMC35I9\.gradle\caches\5.6.4\fileContent)" [_thread_blocked, id=11784, stack(0x0000000021ca0000,0x0000000021da0000)]
  0x0000000018ead800 JavaThread "Memory manager" [_thread_blocked, id=5428, stack(0x0000000021380000,0x0000000021480000)]
  0x0000000018eaa800 JavaThread "Cache worker for Build Output Cleanup Cache (D:\KPI\VI_semestr\RTS\Lab3\.gradle\buildOutputCleanup)" [_thread_blocked, id=10816, stack(0x0000000021080000,0x0000000021180000)]
  0x0000000018eac800 JavaThread "Build operations Thread 4" [_thread_blocked, id=3028, stack(0x0000000020980000,0x0000000020a80000)]
  0x0000000018eac000 JavaThread "Build operations Thread 3" [_thread_blocked, id=8644, stack(0x00000000205d0000,0x00000000206d0000)]
  0x0000000018ea6800 JavaThread "Build operations Thread 2" [_thread_blocked, id=4556, stack(0x00000000204d0000,0x00000000205d0000)]
  0x0000000018ea7800 JavaThread "Build operations" [_thread_blocked, id=1332, stack(0x00000000203d0000,0x00000000204d0000)]
  0x0000000018eab000 JavaThread "Cache worker for execution history cache (C:\Users\ilya.DESKTOP-NMC35I9\.gradle\caches\5.6.4\executionHistory)" [_thread_blocked, id=5848, stack(0x00000000202d0000,0x00000000203d0000)]
  0x00000000161ac800 JavaThread "Cache worker for cache directory md-rule (C:\Users\ilya.DESKTOP-NMC35I9\.gradle\caches\5.6.4\md-rule)" [_thread_blocked, id=6360, stack(0x00000000201d0000,0x00000000202d0000)]
  0x00000000161ac000 JavaThread "Cache worker for cache directory md-supplier (C:\Users\ilya.DESKTOP-NMC35I9\.gradle\caches\5.6.4\md-supplier)" [_thread_blocked, id=11896, stack(0x000000001f930000,0x000000001fa30000)]
  0x00000000161af000 JavaThread "Cache worker for file hash cache (D:\KPI\VI_semestr\RTS\Lab3\.gradle\5.6.4\fileHashes)" [_thread_blocked, id=9544, stack(0x000000001fad0000,0x000000001fbd0000)]
  0x00000000161ad800 JavaThread "Cache worker for journal cache (C:\Users\ilya.DESKTOP-NMC35I9\.gradle\caches\journal-1)" [_thread_blocked, id=6072, stack(0x000000001bf20000,0x000000001c020000)]
  0x00000000161a9800 JavaThread "File lock request listener" [_thread_in_native, id=1464, stack(0x000000001be20000,0x000000001bf20000)]
  0x00000000161ab000 JavaThread "Cache worker for file hash cache (C:\Users\ilya.DESKTOP-NMC35I9\.gradle\caches\5.6.4\fileHashes)" [_thread_blocked, id=12124, stack(0x000000001bb20000,0x000000001bc20000)]
  0x0000000019bce800 JavaThread "Thread-9" [_thread_blocked, id=11732, stack(0x000000001ba20000,0x000000001bb20000)]
  0x0000000019c0a000 JavaThread "Stdin handler" [_thread_blocked, id=10612, stack(0x000000001b920000,0x000000001ba20000)]
  0x0000000019c06800 JavaThread "Asynchronous log dispatcher for DefaultDaemonConnection: socket connection from /127.0.0.1:63320 to /127.0.0.1:63321" [_thread_blocked, id=376, stack(0x000000001b820000,0x000000001b920000)]
  0x0000000019c02800 JavaThread "Daemon worker" [_thread_blocked, id=8848, stack(0x000000001b720000,0x000000001b820000)]
  0x0000000019c01800 JavaThread "Cancel handler" [_thread_blocked, id=5664, stack(0x000000001b620000,0x000000001b720000)]
  0x0000000019bc2000 JavaThread "Handler for socket connection from /127.0.0.1:63320 to /127.0.0.1:63321" [_thread_in_native, id=1636, stack(0x000000001b320000,0x000000001b420000)]
  0x0000000019bc1000 JavaThread "Daemon" [_thread_blocked, id=7396, stack(0x000000001b220000,0x000000001b320000)]
  0x0000000019bbb800 JavaThread "Daemon periodic checks" [_thread_blocked, id=10508, stack(0x000000001b120000,0x000000001b220000)]
  0x0000000019b2f800 JavaThread "Incoming local TCP Connector on port 63320" [_thread_in_native, id=11644, stack(0x000000001aed0000,0x000000001afd0000)]
  0x0000000019a46800 JavaThread "Daemon health stats" [_thread_blocked, id=5452, stack(0x000000001a890000,0x000000001a990000)]
  0x0000000017b20800 JavaThread "Service Thread" daemon [_thread_blocked, id=11224, stack(0x0000000017ef0000,0x0000000017ff0000)]
  0x0000000016197000 JavaThread "C1 CompilerThread2" daemon [_thread_blocked, id=1952, stack(0x00000000179f0000,0x0000000017af0000)]
=>0x000000001618e800 JavaThread "C2 CompilerThread1" daemon [_thread_in_native, id=6680, stack(0x00000000178f0000,0x00000000179f0000)]
  0x0000000016187000 JavaThread "C2 CompilerThread0" daemon [_thread_blocked, id=884, stack(0x00000000177f0000,0x00000000178f0000)]
  0x0000000016185800 JavaThread "Attach Listener" daemon [_thread_blocked, id=6820, stack(0x00000000176f0000,0x00000000177f0000)]
  0x0000000016184800 JavaThread "Signal Dispatcher" daemon [_thread_blocked, id=11620, stack(0x00000000175f0000,0x00000000176f0000)]
  0x000000000280b000 JavaThread "Finalizer" daemon [_thread_blocked, id=2360, stack(0x00000000173e0000,0x00000000174e0000)]
  0x0000000016169000 JavaThread "Reference Handler" daemon [_thread_blocked, id=2980, stack(0x00000000172e0000,0x00000000173e0000)]
  0x0000000002712800 JavaThread "main" [_thread_blocked, id=7616, stack(0x0000000002550000,0x0000000002650000)]

Other Threads:
  0x0000000016145800 VMThread [stack: 0x00000000171e0000,0x00000000172e0000] [id=5508]
  0x00000000161c5000 WatcherThread [stack: 0x0000000017ff0000,0x00000000180f0000] [id=9032]

VM state:not at safepoint (normal execution)

VM Mutex/Monitor currently owned by a thread: None

OutOfMemory and StackOverflow Exception counts:
OutOfMemoryError java_heap_errors=1

heap address: 0x00000000a0000000, size: 1536 MB, Compressed Oops mode: 32-bit
Narrow klass base: 0x0000000000000000, Narrow klass shift: 3
Compressed class space size: 1073741824 Address: 0x0000000100000000

Heap:
 PSYoungGen      total 186368K, used 143940K [0x00000000e0000000, 0x00000000ef100000, 0x0000000100000000)
  eden space 167936K, 78% used [0x00000000e0000000,0x00000000e8138998,0x00000000ea400000)
  from space 18432K, 63% used [0x00000000ea400000,0x00000000eaf587a8,0x00000000eb600000)
  to   space 18432K, 0% used [0x00000000edf00000,0x00000000edf00000,0x00000000ef100000)
 ParOldGen       total 135168K, used 30930K [0x00000000a0000000, 0x00000000a8400000, 0x00000000e0000000)
  object space 135168K, 22% used [0x00000000a0000000,0x00000000a1e34ab8,0x00000000a8400000)
 Metaspace       used 71092K, capacity 73494K, committed 73688K, reserved 1112064K
  class space    used 9582K, capacity 10108K, committed 10200K, reserved 1048576K

Card table byte_map: [0x0000000011bd0000,0x0000000011ee0000] byte_map_base: 0x00000000116d0000

Marking Bits: (ParMarkBitMap*) 0x000000005fdb9f30
 Begin Bits: [0x00000000124e0000, 0x0000000013ce0000)
 End Bits:   [0x0000000013ce0000, 0x00000000154e0000)

Polling page: 0x00000000008f0000

CodeCache: size=245760Kb used=26970Kb max_used=26970Kb free=218789Kb
 bounds [0x0000000002810000, 0x0000000004290000, 0x0000000011810000]
 total_blobs=9286 nmethods=8442 adapters=756
 compilation: enabled

Compilation events (10 events):
Event: 49.642 Thread 0x0000000016197000 nmethod 9493 0x000000000427a810 code [0x000000000427a980, 0x000000000427ab50]
Event: 49.642 Thread 0x0000000016197000 9494       1       com.android.builder.dexing.NoCacheJarClassFileEntry::getInput (5 bytes)
Event: 49.642 Thread 0x0000000016197000 nmethod 9494 0x000000000427a550 code [0x000000000427a6a0, 0x000000000427a7b0]
Event: 49.642 Thread 0x0000000016197000 9495       1       com.android.builder.dexing.JarClassFileInput::getPath (5 bytes)
Event: 49.642 Thread 0x0000000016197000 nmethod 9495 0x0000000004281e10 code [0x0000000004281f60, 0x0000000004282070]
Event: 49.644 Thread 0x0000000016197000 9496       3       java.util.zip.ZipFile$ZipFileInflaterInputStream::available (41 bytes)
Event: 49.644 Thread 0x0000000016197000 nmethod 9496 0x00000000042820d0 code [0x0000000004282260, 0x0000000004282748]
Event: 49.644 Thread 0x0000000016197000 9497       3       java.util.zip.ZipFile$ZipFileInputStream::size (5 bytes)
Event: 49.644 Thread 0x0000000016197000 nmethod 9497 0x0000000004282950 code [0x0000000004282aa0, 0x0000000004282bf0]
Event: 49.645 Thread 0x000000001618e800 9498       4       java.util.ArrayList::addAll (54 bytes)

GC Heap History (10 events):
Event: 19.667 GC heap before
{Heap before GC invocations=12 (full 2):
 PSYoungGen      total 111104K, used 98648K [0x00000000e0000000, 0x00000000e9c80000, 0x0000000100000000)
  eden space 99328K, 99% used [0x00000000e0000000,0x00000000e6056200,0x00000000e6100000)
  from space 11776K, 0% used [0x00000000e6100000,0x00000000e6100000,0x00000000e6c80000)
  to   space 12288K, 0% used [0x00000000e9080000,0x00000000e9080000,0x00000000e9c80000)
 ParOldGen       total 92672K, used 16826K [0x00000000a0000000, 0x00000000a5a80000, 0x00000000e0000000)
  object space 92672K, 18% used [0x00000000a0000000,0x00000000a106e850,0x00000000a5a80000)
 Metaspace       used 44680K, capacity 45798K, committed 46080K, reserved 1089536K
  class space    used 6036K, capacity 6329K, committed 6400K, reserved 1048576K
Event: 19.690 GC heap after
Heap after GC invocations=12 (full 2):
 PSYoungGen      total 141824K, used 12263K [0x00000000e0000000, 0x00000000e9c80000, 0x0000000100000000)
  eden space 129536K, 0% used [0x00000000e0000000,0x00000000e0000000,0x00000000e7e80000)
  from space 12288K, 99% used [0x00000000e9080000,0x00000000e9c79ce8,0x00000000e9c80000)
  to   space 14336K, 0% used [0x00000000e8080000,0x00000000e8080000,0x00000000e8e80000)
 ParOldGen       total 92672K, used 18290K [0x00000000a0000000, 0x00000000a5a80000, 0x00000000e0000000)
  object space 92672K, 19% used [0x00000000a0000000,0x00000000a11dca80,0x00000000a5a80000)
 Metaspace       used 44680K, capacity 45798K, committed 46080K, reserved 1089536K
  class space    used 6036K, capacity 6329K, committed 6400K, reserved 1048576K
}
Event: 24.180 GC heap before
{Heap before GC invocations=13 (full 2):
 PSYoungGen      total 141824K, used 141799K [0x00000000e0000000, 0x00000000e9c80000, 0x0000000100000000)
  eden space 129536K, 100% used [0x00000000e0000000,0x00000000e7e80000,0x00000000e7e80000)
  from space 12288K, 99% used [0x00000000e9080000,0x00000000e9c79ce8,0x00000000e9c80000)
  to   space 14336K, 0% used [0x00000000e8080000,0x00000000e8080000,0x00000000e8e80000)
 ParOldGen       total 92672K, used 18290K [0x00000000a0000000, 0x00000000a5a80000, 0x00000000e0000000)
  object space 92672K, 19% used [0x00000000a0000000,0x00000000a11dca80,0x00000000a5a80000)
 Metaspace       used 55491K, capacity 57258K, committed 57600K, reserved 1099776K
  class space    used 7655K, capacity 8082K, committed 8192K, reserved 1048576K
Event: 24.219 GC heap after
Heap after GC invocations=13 (full 2):
 PSYoungGen      total 145920K, used 14305K [0x00000000e0000000, 0x00000000ec800000, 0x0000000100000000)
  eden space 131584K, 0% used [0x00000000e0000000,0x00000000e0000000,0x00000000e8080000)
  from space 14336K, 99% used [0x00000000e8080000,0x00000000e8e786e8,0x00000000e8e80000)
  to   space 18432K, 0% used [0x00000000eb600000,0x00000000eb600000,0x00000000ec800000)
 ParOldGen       total 92672K, used 24385K [0x00000000a0000000, 0x00000000a5a80000, 0x00000000e0000000)
  object space 92672K, 26% used [0x00000000a0000000,0x00000000a17d06a8,0x00000000a5a80000)
 Metaspace       used 55491K, capacity 57258K, committed 57600K, reserved 1099776K
  class space    used 7655K, capacity 8082K, committed 8192K, reserved 1048576K
}
Event: 25.176 GC heap before
{Heap before GC invocations=14 (full 2):
 PSYoungGen      total 145920K, used 47554K [0x00000000e0000000, 0x00000000ec800000, 0x0000000100000000)
  eden space 131584K, 25% used [0x00000000e0000000,0x00000000e2078458,0x00000000e8080000)
  from space 14336K, 99% used [0x00000000e8080000,0x00000000e8e786e8,0x00000000e8e80000)
  to   space 18432K, 0% used [0x00000000eb600000,0x00000000eb600000,0x00000000ec800000)
 ParOldGen       total 92672K, used 24385K [0x00000000a0000000, 0x00000000a5a80000, 0x00000000e0000000)
  object space 92672K, 26% used [0x00000000a0000000,0x00000000a17d06a8,0x00000000a5a80000)
 Metaspace       used 57124K, capacity 58992K, committed 59096K, reserved 1099776K
  class space    used 7910K, capacity 8343K, committed 8408K, reserved 1048576K
Event: 25.223 GC heap after
Heap after GC invocations=14 (full 2):
 PSYoungGen      total 186368K, used 4128K [0x00000000e0000000, 0x00000000ed700000, 0x0000000100000000)
  eden space 167936K, 0% used [0x00000000e0000000,0x00000000e0000000,0x00000000ea400000)
  from space 18432K, 22% used [0x00000000eb600000,0x00000000eba082a8,0x00000000ec800000)
  to   space 18432K, 0% used [0x00000000ea400000,0x00000000ea400000,0x00000000eb600000)
 ParOldGen       total 92672K, used 37222K [0x00000000a0000000, 0x00000000a5a80000, 0x00000000e0000000)
  object space 92672K, 40% used [0x00000000a0000000,0x00000000a2459910,0x00000000a5a80000)
 Metaspace       used 57124K, capacity 58992K, committed 59096K, reserved 1099776K
  class space    used 7910K, capacity 8343K, committed 8408K, reserved 1048576K
}
Event: 25.223 GC heap before
{Heap before GC invocations=15 (full 3):
 PSYoungGen      total 186368K, used 4128K [0x00000000e0000000, 0x00000000ed700000, 0x0000000100000000)
  eden space 167936K, 0% used [0x00000000e0000000,0x00000000e0000000,0x00000000ea400000)
  from space 18432K, 22% used [0x00000000eb600000,0x00000000eba082a8,0x00000000ec800000)
  to   space 18432K, 0% used [0x00000000ea400000,0x00000000ea400000,0x00000000eb600000)
 ParOldGen       total 92672K, used 37222K [0x00000000a0000000, 0x00000000a5a80000, 0x00000000e0000000)
  object space 92672K, 40% used [0x00000000a0000000,0x00000000a2459910,0x00000000a5a80000)
 Metaspace       used 57124K, capacity 58992K, committed 59096K, reserved 1099776K
  class space    used 7910K, capacity 8343K, committed 8408K, reserved 1048576K
Event: 25.647 GC heap after
Heap after GC invocations=15 (full 3):
 PSYoungGen      total 186368K, used 0K [0x00000000e0000000, 0x00000000ed700000, 0x0000000100000000)
  eden space 167936K, 0% used [0x00000000e0000000,0x00000000e0000000,0x00000000ea400000)
  from space 18432K, 0% used [0x00000000eb600000,0x00000000eb600000,0x00000000ec800000)
  to   space 18432K, 0% used [0x00000000ea400000,0x00000000ea400000,0x00000000eb600000)
 ParOldGen       total 135168K, used 30922K [0x00000000a0000000, 0x00000000a8400000, 0x00000000e0000000)
  object space 135168K, 22% used [0x00000000a0000000,0x00000000a1e32ab8,0x00000000a8400000)
 Metaspace       used 57093K, capacity 58904K, committed 59096K, reserved 1099776K
  class space    used 7900K, capacity 8325K, committed 8408K, reserved 1048576K
}
Event: 32.585 GC heap before
{Heap before GC invocations=16 (full 3):
 PSYoungGen      total 186368K, used 167907K [0x00000000e0000000, 0x00000000ed700000, 0x0000000100000000)
  eden space 167936K, 99% used [0x00000000e0000000,0x00000000ea3f8c30,0x00000000ea400000)
  from space 18432K, 0% used [0x00000000eb600000,0x00000000eb600000,0x00000000ec800000)
  to   space 18432K, 0% used [0x00000000ea400000,0x00000000ea400000,0x00000000eb600000)
 ParOldGen       total 135168K, used 30922K [0x00000000a0000000, 0x00000000a8400000, 0x00000000e0000000)
  object space 135168K, 22% used [0x00000000a0000000,0x00000000a1e32ab8,0x00000000a8400000)
 Metaspace       used 62130K, capacity 64162K, committed 64344K, reserved 1103872K
  class space    used 8538K, capacity 9014K, committed 9048K, reserved 1048576K
Event: 32.605 GC heap after
Heap after GC invocations=16 (full 3):
 PSYoungGen      total 186368K, used 11617K [0x00000000e0000000, 0x00000000ef100000, 0x0000000100000000)
  eden space 167936K, 0% used [0x00000000e0000000,0x00000000e0000000,0x00000000ea400000)
  from space 18432K, 63% used [0x00000000ea400000,0x00000000eaf587a8,0x00000000eb600000)
  to   space 18432K, 0% used [0x00000000edf00000,0x00000000edf00000,0x00000000ef100000)
 ParOldGen       total 135168K, used 30930K [0x00000000a0000000, 0x00000000a8400000, 0x00000000e0000000)
  object space 135168K, 22% used [0x00000000a0000000,0x00000000a1e34ab8,0x00000000a8400000)
 Metaspace       used 62130K, capacity 64162K, committed 64344K, reserved 1103872K
  class space    used 8538K, capacity 9014K, committed 9048K, reserved 1048576K
}

Deoptimization events (10 events):
Event: 49.474 Thread 0x0000000018eb2000 Uncommon trap: reason=unstable_if action=reinterpret pc=0x0000000003486fe8 method=java.util.regex.Pattern.newSlice([IIZ)Ljava/util/regex/Pattern$Node; @ 10
Event: 49.493 Thread 0x0000000018eb5800 Uncommon trap: reason=bimorphic action=maybe_recompile pc=0x0000000003aa3f08 method=java.util.function.Predicate.lambda$and$0(Ljava/util/function/Predicate;Ljava/lang/Object;)Z @ 2
Event: 49.493 Thread 0x0000000018eb2000 Uncommon trap: reason=bimorphic action=maybe_recompile pc=0x0000000003aa3f08 method=java.util.function.Predicate.lambda$and$0(Ljava/util/function/Predicate;Ljava/lang/Object;)Z @ 2
Event: 49.493 Thread 0x0000000018eb5800 Uncommon trap: reason=bimorphic action=maybe_recompile pc=0x0000000003aa3f08 method=java.util.function.Predicate.lambda$and$0(Ljava/util/function/Predicate;Ljava/lang/Object;)Z @ 2
Event: 49.493 Thread 0x0000000018eb2000 Uncommon trap: reason=bimorphic action=maybe_recompile pc=0x0000000003aa3f08 method=java.util.function.Predicate.lambda$and$0(Ljava/util/function/Predicate;Ljava/lang/Object;)Z @ 2
Event: 49.627 Thread 0x0000000018fc7800 Uncommon trap: reason=unstable_if action=reinterpret pc=0x0000000003d8e5ec method=java.nio.file.FileTreeWalker.getAttributes(Ljava/nio/file/Path;Z)Ljava/nio/file/attribute/BasicFileAttributes; @ 35
Event: 49.643 Thread 0x0000000018eb5800 Uncommon trap: reason=class_check action=maybe_recompile pc=0x0000000002e06840 method=java.lang.Throwable.<init>(Ljava/lang/String;Ljava/lang/Throwable;)V @ 24
Event: 49.649 Thread 0x0000000018eb5800 Uncommon trap: reason=class_check action=maybe_recompile pc=0x0000000002e06840 method=java.lang.Throwable.<init>(Ljava/lang/String;Ljava/lang/Throwable;)V @ 24
Event: 49.650 Thread 0x0000000018eb5800 Uncommon trap: reason=class_check action=maybe_recompile pc=0x0000000002e06840 method=java.lang.Throwable.<init>(Ljava/lang/String;Ljava/lang/Throwable;)V @ 24
Event: 49.650 Thread 0x0000000018eb0800 Uncommon trap: reason=class_check action=maybe_recompile pc=0x0000000002e06840 method=java.lang.Throwable.<init>(Ljava/lang/String;Ljava/lang/Throwable;)V @ 24

Classes redefined (0 events):
No events

Internal exceptions (10 events):
Event: 33.176 Thread 0x0000000018eb2000 Exception <a 'java/lang/NoSuchMethodError': java.lang.Object.lambda$negate$1(Ljava/lang/Object;)Z> (0x00000000e1473f40) thrown at [D:\src\AOSP-openjdk-cygwin\jdk8u\hotspot\src\share\vm\interpreter\linkResolver.cpp, line 620]
Event: 41.954 Thread 0x0000000018eb2000 Implicit null exception at 0x0000000003cffe23 to 0x0000000003d001ac
Event: 42.557 Thread 0x0000000018eb2000 Exception <a 'sun/nio/fs/WindowsException'> (0x00000000e1f199d0) thrown at [D:\src\AOSP-openjdk-cygwin\jdk8u\hotspot\src\share\vm\prims\jni.cpp, line 710]
Event: 42.558 Thread 0x0000000018eb2000 Exception <a 'sun/nio/fs/WindowsException'> (0x00000000e1f19e78) thrown at [D:\src\AOSP-openjdk-cygwin\jdk8u\hotspot\src\share\vm\prims\jni.cpp, line 710]
Event: 42.856 Thread 0x0000000018eb4000 Implicit null exception at 0x0000000003a52016 to 0x0000000003a522e5
Event: 49.367 Thread 0x0000000018eb0800 Exception <a 'java/lang/NoSuchMethodError': <clinit>> (0x00000000e77d96f8) thrown at [D:\src\AOSP-openjdk-cygwin\jdk8u\hotspot\src\share\vm\prims\jni.cpp, line 1614]
Event: 49.371 Thread 0x0000000018eb0800 Exception <a 'java/lang/NoSuchMethodError': <clinit>> (0x00000000e77ee250) thrown at [D:\src\AOSP-openjdk-cygwin\jdk8u\hotspot\src\share\vm\prims\jni.cpp, line 1614]
Event: 49.483 Thread 0x0000000018fc0800 Exception <a 'java/lang/NoSuchMethodError': java.lang.Object.lambda$static$0(Ljava/lang/String;)Z> (0x00000000e7953a80) thrown at [D:\src\AOSP-openjdk-cygwin\jdk8u\hotspot\src\share\vm\interpreter\linkResolver.cpp, line 620]
Event: 49.643 Thread 0x0000000018eb5800 Exception <a 'java/lang/OutOfMemoryError'> (0x00000000e7f5e018) thrown at [D:\src\AOSP-openjdk-cygwin\jdk8u\hotspot\src\share\vm\prims\jni.cpp, line 736]
Event: 49.651 Thread 0x0000000018fc0800 Exception <a 'sun/nio/fs/WindowsException'> (0x00000000e804b190) thrown at [D:\src\AOSP-openjdk-cygwin\jdk8u\hotspot\src\share\vm\prims\jni.cpp, line 710]

Events (10 events):
Event: 49.655 loading class com/android/tools/r8/v/a/a/a/f/Y
Event: 49.655 loading class com/android/tools/r8/v/a/a/a/f/Y done
Event: 49.655 loading class com/android/tools/r8/v/a/a/a/f/V
Event: 49.655 loading class com/android/tools/r8/v/a/a/a/f/V done
Event: 49.657 loading class com/android/tools/r8/s/a/a/b/p
Event: 49.657 loading class com/android/tools/r8/s/a/a/b/p done
Event: 49.660 loading class com/android/tools/r8/graph/U
Event: 49.660 loading class com/android/tools/r8/graph/U done
Event: 49.661 loading class com/android/tools/r8/graph/Z
Event: 49.661 loading class com/android/tools/r8/graph/Z done


Dynamic libraries:
0x00007ff7f58b0000 - 0x00007ff7f58e1000 	C:\Program Files\Android\Android Studio\jre\bin\java.exe
0x00007ff86da60000 - 0x00007ff86dc50000 	C:\WINDOWS\SYSTEM32\ntdll.dll
0x00007ff86cd80000 - 0x00007ff86ce32000 	C:\WINDOWS\System32\KERNEL32.DLL
0x00007ff86b550000 - 0x00007ff86b7f3000 	C:\WINDOWS\System32\KERNELBASE.dll
0x00007ff86ca70000 - 0x00007ff86cb13000 	C:\WINDOWS\System32\ADVAPI32.dll
0x00007ff86bb70000 - 0x00007ff86bc0e000 	C:\WINDOWS\System32\msvcrt.dll
0x00007ff86cb20000 - 0x00007ff86cbb7000 	C:\WINDOWS\System32\sechost.dll
0x00007ff86d780000 - 0x00007ff86d8a0000 	C:\WINDOWS\System32\RPCRT4.dll
0x00007ff86bc10000 - 0x00007ff86bda4000 	C:\WINDOWS\System32\USER32.dll
0x00007ff86b950000 - 0x00007ff86b971000 	C:\WINDOWS\System32\win32u.dll
0x00007ff86d690000 - 0x00007ff86d6b6000 	C:\WINDOWS\System32\GDI32.dll
0x00007ff86a9f0000 - 0x00007ff86ab84000 	C:\WINDOWS\System32\gdi32full.dll
0x00007ff86ad30000 - 0x00007ff86adce000 	C:\WINDOWS\System32\msvcp_win.dll
0x00007ff86ab90000 - 0x00007ff86ac8a000 	C:\WINDOWS\System32\ucrtbase.dll
0x00007ff85d970000 - 0x00007ff85dbf5000 	C:\WINDOWS\WinSxS\amd64_microsoft.windows.common-controls_6595b64144ccf1df_6.0.18362.778_none_e6c6b761130d4fb8\COMCTL32.dll
0x00007ff86bea0000 - 0x00007ff86c1d6000 	C:\WINDOWS\System32\combase.dll
0x00007ff86ba90000 - 0x00007ff86bb10000 	C:\WINDOWS\System32\bcryptPrimitives.dll
0x00007ff86d750000 - 0x00007ff86d77e000 	C:\WINDOWS\System32\IMM32.DLL
0x0000000060800000 - 0x00000000608d2000 	C:\Program Files\Android\Android Studio\jre\jre\bin\msvcr100.dll
0x000000005f5f0000 - 0x000000005fe36000 	C:\Program Files\Android\Android Studio\jre\jre\bin\server\jvm.dll
0x00007ff86c320000 - 0x00007ff86c328000 	C:\WINDOWS\System32\PSAPI.DLL
0x00007ff869420000 - 0x00007ff86942a000 	C:\WINDOWS\SYSTEM32\VERSION.dll
0x00007ff85c150000 - 0x00007ff85c159000 	C:\WINDOWS\SYSTEM32\WSOCK32.dll
0x00007ff867110000 - 0x00007ff867134000 	C:\WINDOWS\SYSTEM32\WINMM.dll
0x00007ff8670e0000 - 0x00007ff86710d000 	C:\WINDOWS\SYSTEM32\WINMMBASE.dll
0x00007ff86ca00000 - 0x00007ff86ca6f000 	C:\WINDOWS\System32\WS2_32.dll
0x00007ff86acb0000 - 0x00007ff86acfa000 	C:\WINDOWS\System32\cfgmgr32.dll
0x00007ff85ae90000 - 0x00007ff85ae9f000 	C:\Program Files\Android\Android Studio\jre\jre\bin\verify.dll
0x00007ff840470000 - 0x00007ff840499000 	C:\Program Files\Android\Android Studio\jre\jre\bin\java.dll
0x00007ff84ca40000 - 0x00007ff84ca56000 	C:\Program Files\Android\Android Studio\jre\jre\bin\zip.dll
0x00007ff86ce40000 - 0x00007ff86d525000 	C:\WINDOWS\System32\SHELL32.dll
0x00007ff86d970000 - 0x00007ff86da19000 	C:\WINDOWS\System32\shcore.dll
0x00007ff86add0000 - 0x00007ff86b550000 	C:\WINDOWS\System32\windows.storage.dll
0x00007ff86a9a0000 - 0x00007ff86a9c3000 	C:\WINDOWS\System32\profapi.dll
0x00007ff86a930000 - 0x00007ff86a97a000 	C:\WINDOWS\System32\powrprof.dll
0x00007ff86a920000 - 0x00007ff86a930000 	C:\WINDOWS\System32\UMPDC.dll
0x00007ff86cbc0000 - 0x00007ff86cc12000 	C:\WINDOWS\System32\shlwapi.dll
0x00007ff86a9d0000 - 0x00007ff86a9e1000 	C:\WINDOWS\System32\kernel.appcore.dll
0x00007ff86ac90000 - 0x00007ff86aca7000 	C:\WINDOWS\System32\cryptsp.dll
0x00007ff84c000000 - 0x00007ff84c01a000 	C:\Program Files\Android\Android Studio\jre\jre\bin\net.dll
0x00007ff85a5b0000 - 0x00007ff85a785000 	C:\WINDOWS\SYSTEM32\urlmon.dll
0x00007ff85ab60000 - 0x00007ff85ae06000 	C:\WINDOWS\SYSTEM32\iertutil.dll
0x00007ff86a360000 - 0x00007ff86a36c000 	C:\WINDOWS\SYSTEM32\CRYPTBASE.DLL
0x00007ff86a190000 - 0x00007ff86a1f7000 	C:\WINDOWS\system32\mswsock.dll
0x00007ff848d30000 - 0x00007ff848d43000 	C:\Program Files\Android\Android Studio\jre\jre\bin\nio.dll
0x00007ff85c640000 - 0x00007ff85c666000 	C:\Users\ilya.DESKTOP-NMC35I9\.gradle\native\30\windows-amd64\native-platform.dll
0x00007ff857df0000 - 0x00007ff857dfd000 	C:\Program Files\Android\Android Studio\jre\jre\bin\management.dll
0x00007ff869d00000 - 0x00007ff869d33000 	C:\WINDOWS\system32\rsaenh.dll
0x00007ff86ad00000 - 0x00007ff86ad26000 	C:\WINDOWS\System32\bcrypt.dll
0x00007ff86a840000 - 0x00007ff86a865000 	C:\WINDOWS\SYSTEM32\USERENV.dll
0x00007ff869ea0000 - 0x00007ff869eda000 	C:\WINDOWS\SYSTEM32\IPHLPAPI.DLL
0x00007ff86d6c0000 - 0x00007ff86d6c8000 	C:\WINDOWS\System32\NSI.dll
0x00007ff864120000 - 0x00007ff864136000 	C:\WINDOWS\SYSTEM32\dhcpcsvc6.DLL
0x00007ff864050000 - 0x00007ff86406c000 	C:\WINDOWS\SYSTEM32\dhcpcsvc.DLL
0x00007ff869f40000 - 0x00007ff86a00a000 	C:\WINDOWS\SYSTEM32\DNSAPI.dll

VM Arguments:
jvm_args: -Xmx1536m -Dfile.encoding=windows-1251 -Duser.country=RU -Duser.language=ru -Duser.variant 
java_command: org.gradle.launcher.daemon.bootstrap.GradleDaemon 5.6.4
java_class_path (initial): C:\Users\ilya.DESKTOP-NMC35I9\.gradle\wrapper\dists\gradle-5.6.4-all\ankdp27end7byghfw1q2sw75f\gradle-5.6.4\lib\gradle-launcher-5.6.4.jar
Launcher Type: SUN_STANDARD

Environment Variables:
PATH=C:\Program Files\Microsoft HPC Pack 2008 SDK\Bin\;C:\Program Files\Microsoft MPI\Bin\;C:\Program Files (x86)\Common Files\Oracle\Java\javapath;C:\ProgramData\Oracle\Java\javapath;C:\WINDOWS\system32;C:\WINDOWS;C:\WINDOWS\System32\Wbem;C:\WINDOWS\System32\WindowsPowerShell\v1.0\;C:\WINDOWS\System32\OpenSSH\;C:\Program Files (x86)\nodejs\;C:\Program Files (x86)\Windows Kits\8.1\Windows Performance Toolkit\;C:\Program Files\Microsoft SQL Server\110\Tools\Binn\;C:\Program Files (x86)\Microsoft SDKs\TypeScript\1.0\;C:\Program Files\Microsoft SQL Server\120\Tools\Binn\;c:\altera\91\quartus\bin;C:\Program Files (x86)\STMicroelectronics\STM32 ST-LINK Utility\ST-LINK Utility;C:\Users\ilya.DESKTOP-NMC35I9\AppData\Local\Microsoft\WindowsApps;
USERNAME=ilya
OS=Windows_NT
PROCESSOR_IDENTIFIER=Intel64 Family 6 Model 78 Stepping 3, GenuineIntel



---------------  S Y S T E M  ---------------

OS: Windows 10.0 , 64 bit Build 18362 (10.0.18362.778)

CPU:total 4 (initial active 4) (2 cores per cpu, 2 threads per core) family 6 model 78 stepping 3, cmov, cx8, fxsr, mmx, sse, sse2, sse3, ssse3, sse4.1, sse4.2, popcnt, avx, avx2, aes, clmul, erms, 3dnowpref, lzcnt, ht, tsc, tscinvbit, bmi1, bmi2, adx

Memory: 4k page, physical 8260276k(1011132k free), swap 8260276k(6408k free)

vm_info: OpenJDK 64-Bit Server VM (25.212-b04) for windows-amd64 JRE (1.8.0_212-release-1586-b04), built by "builder" with MS VC++ 10.0 (VS2010)

time: Mon Apr 20 15:57:26 2020
timezone: Финляндия (лето)
elapsed time: 49 seconds (0d 0h 0m 49s)

